

ERROR AT 2025-12-19 22:58:21.172981
Traceback (most recent call last):
  File "C:\Users\T490\Documents\Suthan Week 1 and Week 2\backend\venv\Lib\site-packages\starlette\middleware\errors.py", line 164, in __call__
    await self.app(scope, receive, _send)
  File "C:\Users\T490\Documents\Suthan Week 1 and Week 2\backend\venv\Lib\site-packages\starlette\middleware\cors.py", line 85, in __call__
    await self.app(scope, receive, send)
  File "C:\Users\T490\Documents\Suthan Week 1 and Week 2\backend\venv\Lib\site-packages\starlette\middleware\exceptions.py", line 63, in __call__
    await wrap_app_handling_exceptions(self.app, conn)(scope, receive, send)
  File "C:\Users\T490\Documents\Suthan Week 1 and Week 2\backend\venv\Lib\site-packages\starlette\_exception_handler.py", line 53, in wrapped_app
    raise exc
  File "C:\Users\T490\Documents\Suthan Week 1 and Week 2\backend\venv\Lib\site-packages\starlette\_exception_handler.py", line 42, in wrapped_app
    await app(scope, receive, sender)
  File "C:\Users\T490\Documents\Suthan Week 1 and Week 2\backend\venv\Lib\site-packages\fastapi\middleware\asyncexitstack.py", line 18, in __call__
    await self.app(scope, receive, send)
  File "C:\Users\T490\Documents\Suthan Week 1 and Week 2\backend\venv\Lib\site-packages\starlette\routing.py", line 716, in __call__
    await self.middleware_stack(scope, receive, send)
  File "C:\Users\T490\Documents\Suthan Week 1 and Week 2\backend\venv\Lib\site-packages\starlette\routing.py", line 736, in app
    await route.handle(scope, receive, send)
  File "C:\Users\T490\Documents\Suthan Week 1 and Week 2\backend\venv\Lib\site-packages\starlette\routing.py", line 290, in handle
    await self.app(scope, receive, send)
  File "C:\Users\T490\Documents\Suthan Week 1 and Week 2\backend\venv\Lib\site-packages\fastapi\routing.py", line 118, in app
    await wrap_app_handling_exceptions(app, request)(scope, receive, send)
  File "C:\Users\T490\Documents\Suthan Week 1 and Week 2\backend\venv\Lib\site-packages\starlette\_exception_handler.py", line 53, in wrapped_app
    raise exc
  File "C:\Users\T490\Documents\Suthan Week 1 and Week 2\backend\venv\Lib\site-packages\starlette\_exception_handler.py", line 42, in wrapped_app
    await app(scope, receive, sender)
  File "C:\Users\T490\Documents\Suthan Week 1 and Week 2\backend\venv\Lib\site-packages\fastapi\routing.py", line 104, in app
    response = await f(request)
               ^^^^^^^^^^^^^^^^
  File "C:\Users\T490\Documents\Suthan Week 1 and Week 2\backend\venv\Lib\site-packages\fastapi\routing.py", line 450, in app
    content = await serialize_response(
              ^^^^^^^^^^^^^^^^^^^^^^^^^
    ...<10 lines>...
    )
    ^
  File "C:\Users\T490\Documents\Suthan Week 1 and Week 2\backend\venv\Lib\site-packages\fastapi\routing.py", line 276, in serialize_response
    raise ResponseValidationError(
    ...<3 lines>...
    )
fastapi.exceptions.ResponseValidationError: 15 validation errors:
  {'type': 'datetime_type', 'loc': ('response', 0, 'created_at'), 'msg': 'Input should be a valid datetime', 'input': None}
  {'type': 'datetime_type', 'loc': ('response', 1, 'created_at'), 'msg': 'Input should be a valid datetime', 'input': None}
  {'type': 'datetime_type', 'loc': ('response', 2, 'created_at'), 'msg': 'Input should be a valid datetime', 'input': None}
  {'type': 'model_attributes_type', 'loc': ('response', 3, 'sender'), 'msg': 'Input should be a valid dictionary or object to extract fields from', 'input': None}
  {'type': 'model_attributes_type', 'loc': ('response', 3, 'recipients', 0, 'recipient'), 'msg': 'Input should be a valid dictionary or object to extract fields from', 'input': None}
  {'type': 'datetime_type', 'loc': ('response', 3, 'created_at'), 'msg': 'Input should be a valid datetime', 'input': None}
  {'type': 'datetime_type', 'loc': ('response', 4, 'created_at'), 'msg': 'Input should be a valid datetime', 'input': None}
  {'type': 'datetime_type', 'loc': ('response', 5, 'created_at'), 'msg': 'Input should be a valid datetime', 'input': None}
  {'type': 'datetime_type', 'loc': ('response', 6, 'created_at'), 'msg': 'Input should be a valid datetime', 'input': None}
  {'type': 'datetime_type', 'loc': ('response', 7, 'created_at'), 'msg': 'Input should be a valid datetime', 'input': None}
  {'type': 'datetime_type', 'loc': ('response', 8, 'created_at'), 'msg': 'Input should be a valid datetime', 'input': None}
  {'type': 'model_attributes_type', 'loc': ('response', 9, 'sender'), 'msg': 'Input should be a valid dictionary or object to extract fields from', 'input': None}
  {'type': 'model_attributes_type', 'loc': ('response', 9, 'recipients', 0, 'recipient'), 'msg': 'Input should be a valid dictionary or object to extract fields from', 'input': None}
  {'type': 'model_attributes_type', 'loc': ('response', 10, 'sender'), 'msg': 'Input should be a valid dictionary or object to extract fields from', 'input': None}
  {'type': 'model_attributes_type', 'loc': ('response', 10, 'recipients', 0, 'recipient'), 'msg': 'Input should be a valid dictionary or object to extract fields from', 'input': None}

  File "C:\Users\T490\Documents\Suthan Week 1 and Week 2\backend\routers\shoutouts.py", line 59, in get_shoutouts
    GET /api/shoutouts/


ERROR AT 2025-12-19 22:58:21.468030
Traceback (most recent call last):
  File "C:\Users\T490\Documents\Suthan Week 1 and Week 2\backend\venv\Lib\site-packages\starlette\middleware\errors.py", line 164, in __call__
    await self.app(scope, receive, _send)
  File "C:\Users\T490\Documents\Suthan Week 1 and Week 2\backend\venv\Lib\site-packages\starlette\middleware\cors.py", line 85, in __call__
    await self.app(scope, receive, send)
  File "C:\Users\T490\Documents\Suthan Week 1 and Week 2\backend\venv\Lib\site-packages\starlette\middleware\exceptions.py", line 63, in __call__
    await wrap_app_handling_exceptions(self.app, conn)(scope, receive, send)
  File "C:\Users\T490\Documents\Suthan Week 1 and Week 2\backend\venv\Lib\site-packages\starlette\_exception_handler.py", line 53, in wrapped_app
    raise exc
  File "C:\Users\T490\Documents\Suthan Week 1 and Week 2\backend\venv\Lib\site-packages\starlette\_exception_handler.py", line 42, in wrapped_app
    await app(scope, receive, sender)
  File "C:\Users\T490\Documents\Suthan Week 1 and Week 2\backend\venv\Lib\site-packages\fastapi\middleware\asyncexitstack.py", line 18, in __call__
    await self.app(scope, receive, send)
  File "C:\Users\T490\Documents\Suthan Week 1 and Week 2\backend\venv\Lib\site-packages\starlette\routing.py", line 716, in __call__
    await self.middleware_stack(scope, receive, send)
  File "C:\Users\T490\Documents\Suthan Week 1 and Week 2\backend\venv\Lib\site-packages\starlette\routing.py", line 736, in app
    await route.handle(scope, receive, send)
  File "C:\Users\T490\Documents\Suthan Week 1 and Week 2\backend\venv\Lib\site-packages\starlette\routing.py", line 290, in handle
    await self.app(scope, receive, send)
  File "C:\Users\T490\Documents\Suthan Week 1 and Week 2\backend\venv\Lib\site-packages\fastapi\routing.py", line 118, in app
    await wrap_app_handling_exceptions(app, request)(scope, receive, send)
  File "C:\Users\T490\Documents\Suthan Week 1 and Week 2\backend\venv\Lib\site-packages\starlette\_exception_handler.py", line 53, in wrapped_app
    raise exc
  File "C:\Users\T490\Documents\Suthan Week 1 and Week 2\backend\venv\Lib\site-packages\starlette\_exception_handler.py", line 42, in wrapped_app
    await app(scope, receive, sender)
  File "C:\Users\T490\Documents\Suthan Week 1 and Week 2\backend\venv\Lib\site-packages\fastapi\routing.py", line 104, in app
    response = await f(request)
               ^^^^^^^^^^^^^^^^
  File "C:\Users\T490\Documents\Suthan Week 1 and Week 2\backend\venv\Lib\site-packages\fastapi\routing.py", line 450, in app
    content = await serialize_response(
              ^^^^^^^^^^^^^^^^^^^^^^^^^
    ...<10 lines>...
    )
    ^
  File "C:\Users\T490\Documents\Suthan Week 1 and Week 2\backend\venv\Lib\site-packages\fastapi\routing.py", line 276, in serialize_response
    raise ResponseValidationError(
    ...<3 lines>...
    )
fastapi.exceptions.ResponseValidationError: 15 validation errors:
  {'type': 'datetime_type', 'loc': ('response', 0, 'created_at'), 'msg': 'Input should be a valid datetime', 'input': None}
  {'type': 'datetime_type', 'loc': ('response', 1, 'created_at'), 'msg': 'Input should be a valid datetime', 'input': None}
  {'type': 'datetime_type', 'loc': ('response', 2, 'created_at'), 'msg': 'Input should be a valid datetime', 'input': None}
  {'type': 'model_attributes_type', 'loc': ('response', 3, 'sender'), 'msg': 'Input should be a valid dictionary or object to extract fields from', 'input': None}
  {'type': 'model_attributes_type', 'loc': ('response', 3, 'recipients', 0, 'recipient'), 'msg': 'Input should be a valid dictionary or object to extract fields from', 'input': None}
  {'type': 'datetime_type', 'loc': ('response', 3, 'created_at'), 'msg': 'Input should be a valid datetime', 'input': None}
  {'type': 'datetime_type', 'loc': ('response', 4, 'created_at'), 'msg': 'Input should be a valid datetime', 'input': None}
  {'type': 'datetime_type', 'loc': ('response', 5, 'created_at'), 'msg': 'Input should be a valid datetime', 'input': None}
  {'type': 'datetime_type', 'loc': ('response', 6, 'created_at'), 'msg': 'Input should be a valid datetime', 'input': None}
  {'type': 'datetime_type', 'loc': ('response', 7, 'created_at'), 'msg': 'Input should be a valid datetime', 'input': None}
  {'type': 'datetime_type', 'loc': ('response', 8, 'created_at'), 'msg': 'Input should be a valid datetime', 'input': None}
  {'type': 'model_attributes_type', 'loc': ('response', 9, 'sender'), 'msg': 'Input should be a valid dictionary or object to extract fields from', 'input': None}
  {'type': 'model_attributes_type', 'loc': ('response', 9, 'recipients', 0, 'recipient'), 'msg': 'Input should be a valid dictionary or object to extract fields from', 'input': None}
  {'type': 'model_attributes_type', 'loc': ('response', 10, 'sender'), 'msg': 'Input should be a valid dictionary or object to extract fields from', 'input': None}
  {'type': 'model_attributes_type', 'loc': ('response', 10, 'recipients', 0, 'recipient'), 'msg': 'Input should be a valid dictionary or object to extract fields from', 'input': None}

  File "C:\Users\T490\Documents\Suthan Week 1 and Week 2\backend\routers\shoutouts.py", line 59, in get_shoutouts
    GET /api/shoutouts/


ERROR AT 2025-12-19 22:58:32.750829
Traceback (most recent call last):
  File "C:\Users\T490\Documents\Suthan Week 1 and Week 2\backend\venv\Lib\site-packages\starlette\middleware\errors.py", line 164, in __call__
    await self.app(scope, receive, _send)
  File "C:\Users\T490\Documents\Suthan Week 1 and Week 2\backend\venv\Lib\site-packages\starlette\middleware\cors.py", line 93, in __call__
    await self.simple_response(scope, receive, send, request_headers=headers)
  File "C:\Users\T490\Documents\Suthan Week 1 and Week 2\backend\venv\Lib\site-packages\starlette\middleware\cors.py", line 144, in simple_response
    await self.app(scope, receive, send)
  File "C:\Users\T490\Documents\Suthan Week 1 and Week 2\backend\venv\Lib\site-packages\starlette\middleware\exceptions.py", line 63, in __call__
    await wrap_app_handling_exceptions(self.app, conn)(scope, receive, send)
  File "C:\Users\T490\Documents\Suthan Week 1 and Week 2\backend\venv\Lib\site-packages\starlette\_exception_handler.py", line 53, in wrapped_app
    raise exc
  File "C:\Users\T490\Documents\Suthan Week 1 and Week 2\backend\venv\Lib\site-packages\starlette\_exception_handler.py", line 42, in wrapped_app
    await app(scope, receive, sender)
  File "C:\Users\T490\Documents\Suthan Week 1 and Week 2\backend\venv\Lib\site-packages\fastapi\middleware\asyncexitstack.py", line 18, in __call__
    await self.app(scope, receive, send)
  File "C:\Users\T490\Documents\Suthan Week 1 and Week 2\backend\venv\Lib\site-packages\starlette\routing.py", line 716, in __call__
    await self.middleware_stack(scope, receive, send)
  File "C:\Users\T490\Documents\Suthan Week 1 and Week 2\backend\venv\Lib\site-packages\starlette\routing.py", line 736, in app
    await route.handle(scope, receive, send)
  File "C:\Users\T490\Documents\Suthan Week 1 and Week 2\backend\venv\Lib\site-packages\starlette\routing.py", line 290, in handle
    await self.app(scope, receive, send)
  File "C:\Users\T490\Documents\Suthan Week 1 and Week 2\backend\venv\Lib\site-packages\fastapi\routing.py", line 118, in app
    await wrap_app_handling_exceptions(app, request)(scope, receive, send)
  File "C:\Users\T490\Documents\Suthan Week 1 and Week 2\backend\venv\Lib\site-packages\starlette\_exception_handler.py", line 53, in wrapped_app
    raise exc
  File "C:\Users\T490\Documents\Suthan Week 1 and Week 2\backend\venv\Lib\site-packages\starlette\_exception_handler.py", line 42, in wrapped_app
    await app(scope, receive, sender)
  File "C:\Users\T490\Documents\Suthan Week 1 and Week 2\backend\venv\Lib\site-packages\fastapi\routing.py", line 104, in app
    response = await f(request)
               ^^^^^^^^^^^^^^^^
  File "C:\Users\T490\Documents\Suthan Week 1 and Week 2\backend\venv\Lib\site-packages\fastapi\routing.py", line 450, in app
    content = await serialize_response(
              ^^^^^^^^^^^^^^^^^^^^^^^^^
    ...<10 lines>...
    )
    ^
  File "C:\Users\T490\Documents\Suthan Week 1 and Week 2\backend\venv\Lib\site-packages\fastapi\routing.py", line 276, in serialize_response
    raise ResponseValidationError(
    ...<3 lines>...
    )
fastapi.exceptions.ResponseValidationError: 1 validation error:
  {'type': 'datetime_type', 'loc': ('response', 'created_at'), 'msg': 'Input should be a valid datetime', 'input': None}

  File "C:\Users\T490\Documents\Suthan Week 1 and Week 2\backend\routers\shoutouts.py", line 18, in create_shoutout
    POST /api/shoutouts/
